<?xml version="1.0" encoding="UTF-8"?>
<!-- Generated by org.testng.reporters.JUnitReportReporter -->
<testsuite skipped="0" hostname="parinder-TP550LAB" name="Listners_Interfaces.facebook_login_Test" tests="1" failures="0" timestamp="25 Oct 2018 21:31:36 GMT" time="1.501" errors="0">
  <testcase name="Invalid_Login" time="1.501" classname="Listners_Interfaces.facebook_login_Test"/>
</testsuite> <!-- Listners_Interfaces.facebook_login_Test -->
