<?xml version="1.0" encoding="UTF-8"?>
<!-- Generated by org.testng.reporters.JUnitReportReporter -->
<testsuite skipped="0" hostname="parinder-TP550LAB" name="Prioritizing_Scenario.Test_Personal_Loan" tests="3" failures="0" timestamp="25 Oct 2018 18:21:40 GMT" time="0.008" errors="0">
  <testcase name="Personal_Web_Login" time="0.001" classname="Prioritizing_Scenario.Test_Personal_Loan"/>
  <testcase name="Personal_Mobile_Login" time="0.002" classname="Prioritizing_Scenario.Test_Personal_Loan"/>
  <testcase name="Personal_Api_Login" time="0.005" classname="Prioritizing_Scenario.Test_Personal_Loan"/>
</testsuite> <!-- Prioritizing_Scenario.Test_Personal_Loan -->
