<?xml version="1.0" encoding="UTF-8"?>
<!-- Generated by org.testng.reporters.JUnitReportReporter -->
<testsuite skipped="0" hostname="parinder-TP550LAB" name="Facebook_Insta_Login.Insta_login_Test" tests="1" failures="0" timestamp="25 Oct 2018 18:21:40 GMT" time="1.913" errors="0">
  <testcase name="Invalid_Login" time="1.913" classname="Facebook_Insta_Login.Insta_login_Test"/>
</testsuite> <!-- Facebook_Insta_Login.Insta_login_Test -->
