<?xml version="1.0" encoding="UTF-8"?>
<!-- Generated by org.testng.reporters.JUnitReportReporter -->
<testsuite skipped="0" hostname="parinder-TP550LAB" name="Annotations_method_after_before.Test_Car_Loan" tests="2" failures="0" timestamp="25 Oct 2018 18:49:33 GMT" time="0.004" errors="0">
  <testcase name="Car_Web_Login" time="0.002" classname="Annotations_method_after_before.Test_Car_Loan"/>
  <testcase name="Car_Api_Login" time="0.002" classname="Annotations_method_after_before.Test_Car_Loan"/>
</testsuite> <!-- Annotations_method_after_before.Test_Car_Loan -->
