<?xml version="1.0" encoding="UTF-8"?>
<!-- Generated by org.testng.reporters.JUnitReportReporter -->
<testsuite skipped="0" hostname="parinder-TP550LAB" name="Group_Functionality.Test_Car_Loan" tests="1" failures="0" timestamp="25 Oct 2018 18:57:07 GMT" time="0.002" errors="0">
  <testcase name="Car_Mobile_Login" time="0.002" classname="Group_Functionality.Test_Car_Loan"/>
</testsuite> <!-- Group_Functionality.Test_Car_Loan -->
