<?xml version="1.0" encoding="UTF-8"?>
<!-- Generated by org.testng.reporters.JUnitReportReporter -->
<testsuite skipped="0" hostname="parinder-TP550LAB" name="Annotations_After_Before.Test_Home_Loan" tests="1" failures="0" timestamp="25 Oct 2018 18:48:15 GMT" time="0.007" errors="0">
  <testcase name="Home_Web_Login" time="0.007" classname="Annotations_After_Before.Test_Home_Loan"/>
</testsuite> <!-- Annotations_After_Before.Test_Home_Loan -->
