<?xml version="1.0" encoding="UTF-8"?>
<!-- Generated by org.testng.reporters.JUnitReportReporter -->
<testsuite skipped="0" hostname="parinder-TP550LAB" name="Annotations_method_after_before.Test_Home_Loan" tests="2" failures="0" timestamp="25 Oct 2018 18:49:33 GMT" time="0.015" errors="0">
  <testcase name="Home_Api_Login" time="0.013" classname="Annotations_method_after_before.Test_Home_Loan"/>
  <testcase name="Home_Web_Login" time="0.002" classname="Annotations_method_after_before.Test_Home_Loan"/>
</testsuite> <!-- Annotations_method_after_before.Test_Home_Loan -->
