<?xml version="1.0" encoding="UTF-8"?>
<!-- Generated by org.testng.reporters.JUnitReportReporter -->
<testsuite skipped="0" hostname="parinder-TP550LAB" name="Basic_TestNG_Framework.Multiple_Tests_In_Single_Class" tests="3" failures="0" timestamp="25 Oct 2018 16:44:28 GMT" time="0.018" errors="0">
  <testcase name="test1" time="0.013" classname="Basic_TestNG_Framework.Multiple_Tests_In_Single_Class"/>
  <testcase name="test3" time="0.002" classname="Basic_TestNG_Framework.Multiple_Tests_In_Single_Class"/>
  <testcase name="test2" time="0.003" classname="Basic_TestNG_Framework.Multiple_Tests_In_Single_Class"/>
</testsuite> <!-- Basic_TestNG_Framework.Multiple_Tests_In_Single_Class -->
