<?xml version="1.0" encoding="UTF-8"?>
<!-- Generated by org.testng.reporters.JUnitReportReporter -->
<testsuite skipped="0" hostname="parinder-TP550LAB" name="Annotation_Helpers.Test_Personal_Loan" tests="3" failures="0" timestamp="25 Oct 2018 20:55:33 GMT" time="0.004" errors="0">
  <testcase name="Personal_Api_Login" time="0.002" classname="Annotation_Helpers.Test_Personal_Loan"/>
  <testcase name="Personal_Web_Login" time="0.001" classname="Annotation_Helpers.Test_Personal_Loan"/>
  <testcase name="Personal_Mobile_Login" time="0.001" classname="Annotation_Helpers.Test_Personal_Loan"/>
</testsuite> <!-- Annotation_Helpers.Test_Personal_Loan -->
