<?xml version="1.0" encoding="UTF-8"?>
<!-- Generated by org.testng.reporters.JUnitReportReporter -->
<testsuite skipped="0" hostname="parinder-TP550LAB" name="Annotations_After_Before.Test_Car_Loan" tests="1" failures="0" timestamp="25 Oct 2018 18:48:15 GMT" time="0.003" errors="0">
  <testcase name="Car_Web_Login" time="0.003" classname="Annotations_After_Before.Test_Car_Loan"/>
</testsuite> <!-- Annotations_After_Before.Test_Car_Loan -->
