<?xml version="1.0" encoding="UTF-8"?>
<!-- Generated by org.testng.reporters.JUnitReportReporter -->
<testsuite skipped="0" hostname="parinder-TP550LAB" name="Parameterizing_TestNG.facebook_login_Test" tests="1" failures="0" timestamp="25 Oct 2018 21:11:15 GMT" time="1.503" errors="0">
  <testcase name="Invalid_Login" time="1.503" classname="Parameterizing_TestNG.facebook_login_Test"/>
</testsuite> <!-- Parameterizing_TestNG.facebook_login_Test -->
