<?xml version="1.0" encoding="UTF-8"?>
<!-- Generated by org.testng.reporters.JUnitReportReporter -->
<testsuite skipped="0" hostname="parinder-TP550LAB" name="Global_Environment.facebook_login_Test" tests="1" failures="0" timestamp="25 Oct 2018 21:53:11 GMT" time="4.592" errors="0">
  <testcase name="Invalid_Login" time="4.592" classname="Global_Environment.facebook_login_Test"/>
</testsuite> <!-- Global_Environment.facebook_login_Test -->
